Status: Fusion completed successfully
Start time: 2025-08-15T16:49:30.991Z
End time: 2025-08-15T16:49:31.035Z
Duration: 0.04s
Files processed successfully: 9
Files found but filtered out: 1260 (99.3% of total files)
File extensions actually processed:
  .json
  .ts
Configured extensions with no matching files found:
  .bat
  .c
  .cc
  .cfg
  .cmd
  .cpp
  .cs
  .cs
  .css
  .gd
  .go
  .h
  .hpp
  .html
  .import
  .java
  .js
  .jsx
  .php
  .ps1
  .py
  .rb
  .rs
  .sh
  .svelte
  .toml
  .tres
  .tscn
  .tsx
  .vue
  .xml
  .yaml
  .yml
File extensions found in project but not configured for processing:
  .md
Configuration used:
  Root directory: /Users/gaetanchantebien/Git/project-fusion
  Scan subdirectories: Yes
  Apply .gitignore rules: Yes
  Custom ignore patterns defined: 26 patterns
    Examples: project-fusion.json, project-fusion.log, project-fusioned.txt...
Output files generated:
  Plain text format: /Users/gaetanchantebien/Git/project-fusion/project-fusioned.txt
  Markdown format: /Users/gaetanchantebien/Git/project-fusion/project-fusioned.md
