=== PROJECT FUSION SESSION START ===
Session ID: mewuxro1-vdnqylo9r
Start time: 2025-08-29T13:17:24.431Z
Working directory: .
Generated file name: project-fusioned

--- CONFIGURATION ---
Output formats:
  - Text (.txt): true
  - Markdown (.md): true
  - HTML (.html): true
Processing limits:
  - Max file size: 1024 KB
  - Max files: 10000
  - Max total size: 100 MB
Directory scanning:
  - Parse subdirectories: true
  - Use .gitignore: true
  - Allow symlinks: false
Ignore patterns: *.7z, *.a, *.avi, *.bmp, *.blend, *.class, *.dll, *.doc, *.docx, *.dylib, *.exe, *.fbx, *.flac, *.flv, *.gif, *.gz, *.ico, *.jar, *.jpeg, *.jpg, *.key, *.log, *.min.css, *.min.js, *.mov, *.mp3, *.mp4, *.o, *.obj, *.pdf, *.pem, *.png, *.ppt, *.pptx, *.pyc, *.pyo, *.rar, *.so, *.svg, *.swo, *.swp, *.tar, *.tgz, *.uasset, *.unitypackage, *.war, *.wav, *.webp, *.wmv, *.xls, *.xlsx, *.zip, **/credentials/*, **/secrets/*, .DS_Store, .env, .env.*, .idea/, .vscode/, .ssh/, .aws/, .azure/, .gcloud/, *.p12, *.keystore, .*history, .npmrc, build/, dist/, dist/**/*.map, logs/, node_modules/, package-lock.json, pnpm-lock.yaml, project-fusion.json, project-fusion.log, project-fusioned.*, Thumbs.db, yarn.lock
Auto-ignoring generated files: project-fusioned.txt, project-fusioned.md, project-fusioned.html, project-fusioned.log, performance-report.json

--- PROCESSING ---
File extensions to process: 38
Available extension categories: 7
Status: Fusion completed successfully
Start time: 2025-08-29T13:17:24.431Z
End time: 2025-08-29T13:17:24.850Z
Duration: 0.42s
Total data processed: 0.76 MB

--- FILE TYPE STATISTICS ---
Files found: 11136
Files processed successfully: 76
Files skipped (too large): 0
Files filtered out: 11060

File types processed:
  .ts: 66 files (738.26 KB)
  .md: 6 files (26.56 KB)
  .json: 3 files (3.83 KB)
  .js: 1 files (8.23 KB)

--- PERFORMANCE METRICS ---
Duration breakdown:
  Total execution: 0.42s
  File discovery: 100.7% of total
Memory usage:
  Peak memory: 23.70 MB
  Memory per file: 319.30 KB
Processing speed:
  Data throughput: 1.79 MB/s
  File processing rate: 184.40 files/s
  Average file size: 10.22 KB
Output generation:
  Generated formats: text, markdown, html
  Number of output files: 3
